Using pre-set license
Built from '2021.3/staging' branch; Version is '2021.3.18f1 (3129e69bc0c7) revision 3221990'; Using compiler version '192829333'; Build Type 'Release'
OS: 'Windows 11  (10.0.22631) 64bit CoreCountrySpecific' Language: 'zh' Physical Memory: 32429 MB
BatchMode: 1, IsHumanControllingUs: 0, StartBugReporterOnCrash: 0, Is64bit: 1, IsPro: 1

COMMAND LINE ARGUMENTS:
C:\Program Files\Unity\Hub\Editor\2021.3.18f1\Editor\Unity.exe
-adb2
-batchMode
-noUpm
-name
AssetImportWorker1
-projectPath
C:/Users/86177/Documents/GitHub/lll/3l
-logFile
Logs/AssetImportWorker1.log
-srvPort
60860
Successfully changed project path to: C:/Users/86177/Documents/GitHub/lll/3l
C:/Users/86177/Documents/GitHub/lll/3l
[UnityMemory] Configuration Parameters - Can be set up in boot.config
    "memorysetup-bucket-allocator-granularity=16"
    "memorysetup-bucket-allocator-bucket-count=8"
    "memorysetup-bucket-allocator-block-size=33554432"
    "memorysetup-bucket-allocator-block-count=8"
    "memorysetup-main-allocator-block-size=16777216"
    "memorysetup-thread-allocator-block-size=16777216"
    "memorysetup-gfx-main-allocator-block-size=16777216"
    "memorysetup-gfx-thread-allocator-block-size=16777216"
    "memorysetup-cache-allocator-block-size=4194304"
    "memorysetup-typetree-allocator-block-size=2097152"
    "memorysetup-profiler-bucket-allocator-granularity=16"
    "memorysetup-profiler-bucket-allocator-bucket-count=8"
    "memorysetup-profiler-bucket-allocator-block-size=33554432"
    "memorysetup-profiler-bucket-allocator-block-count=8"
    "memorysetup-profiler-allocator-block-size=16777216"
    "memorysetup-profiler-editor-allocator-block-size=1048576"
    "memorysetup-temp-allocator-size-main=16777216"
    "memorysetup-job-temp-allocator-block-size=2097152"
    "memorysetup-job-temp-allocator-block-size-background=1048576"
    "memorysetup-job-temp-allocator-reduction-small-platforms=262144"
    "memorysetup-temp-allocator-size-background-worker=32768"
    "memorysetup-temp-allocator-size-job-worker=262144"
    "memorysetup-temp-allocator-size-preload-manager=33554432"
    "memorysetup-temp-allocator-size-nav-mesh-worker=65536"
    "memorysetup-temp-allocator-size-audio-worker=65536"
    "memorysetup-temp-allocator-size-cloud-worker=32768"
    "memorysetup-temp-allocator-size-gi-baking-worker=262144"
    "memorysetup-temp-allocator-size-gfx=262144"
Player connection [66676] Host "[IP] 172.17.176.121 [Port] 0 [Flags] 2 [Guid] 3665972063 [EditorId] 3665972063 [Version] 1048832 [Id] WindowsEditor(7,DESKTOP-9AOHLUK) [Debug] 1 [PackageName] WindowsEditor [ProjectName] Editor" joined multi-casting on [225.0.0.222:54997]...

Player connection [66676] Host "[IP] 172.17.176.121 [Port] 0 [Flags] 2 [Guid] 3665972063 [EditorId] 3665972063 [Version] 1048832 [Id] WindowsEditor(7,DESKTOP-9AOHLUK) [Debug] 1 [PackageName] WindowsEditor [ProjectName] Editor" joined alternative multi-casting on [225.0.0.222:34997]...

Multiple plugins with the same name 'zlib64plastic' (found at 'Assets/project/Library/PackageCache/com.unity.collab-proxy@1.15.15/Lib/Editor/PlasticSCM/zlib64Plastic.dll' and 'Packages/com.unity.collab-proxy/Lib/Editor/PlasticSCM/zlib64Plastic.dll'). That means one or more plugins are set to be compatible with Editor. Only one plugin at the time can be used by Editor.
Multiple plugins with the same name 'unity.visualscripting.sqlite3' (found at 'Assets/project/Library/PackageCache/com.unity.visualscripting@1.7.6/Editor/VisualScripting.Core/Dependencies/Assemblies/Unity.VisualScripting.sqlite3.dll' and 'Packages/com.unity.visualscripting/Editor/VisualScripting.Core/Dependencies/Assemblies/Unity.VisualScripting.sqlite3.dll'). That means one or more plugins are set to be compatible with Editor. Only one plugin at the time can be used by Editor.
Multiple plugins with the same name 'lz4x64plastic' (found at 'Packages/com.unity.collab-proxy/Lib/Editor/PlasticSCM/lz4x64Plastic.dll' and 'Assets/project/Library/PackageCache/com.unity.collab-proxy@1.15.15/Lib/Editor/PlasticSCM/lz4x64Plastic.dll'). That means one or more plugins are set to be compatible with Editor. Only one plugin at the time can be used by Editor.
Refreshing native plugins compatible for Editor in 114.86 ms, found 3 plugins.
Preloading 0 native plugins for Editor in 0.00 ms.
Initialize engine version: 2021.3.18f1 (3129e69bc0c7)
[Subsystems] Discovering subsystems at path C:/Program Files/Unity/Hub/Editor/2021.3.18f1/Editor/Data/Resources/UnitySubsystems
[Subsystems] Discovering subsystems at path C:/Users/86177/Documents/GitHub/lll/3l/Assets
GfxDevice: creating device client; threaded=0; jobified=0
Direct3D:
    Version:  Direct3D 11.0 [level 11.1]
    Renderer: NVIDIA GeForce RTX 3070 Laptop GPU (ID=0x24dd)
    Vendor:   NVIDIA
    VRAM:     8033 MB
    Driver:   31.0.15.3734
Initialize mono
Mono path[0] = 'C:/Program Files/Unity/Hub/Editor/2021.3.18f1/Editor/Data/Managed'
Mono path[1] = 'C:/Program Files/Unity/Hub/Editor/2021.3.18f1/Editor/Data/MonoBleedingEdge/lib/mono/unityjit-win32'
Mono config path = 'C:/Program Files/Unity/Hub/Editor/2021.3.18f1/Editor/Data/MonoBleedingEdge/etc'
Using monoOptions --debugger-agent=transport=dt_socket,embedding=1,server=y,suspend=n,address=127.0.0.1:56760
Begin MonoManager ReloadAssembly
Registering precompiled unity dll's ...
Register platform support module: C:/Program Files/Unity/Hub/Editor/2021.3.18f1/Editor/Data/PlaybackEngines/WebGLSupport/UnityEditor.WebGL.Extensions.dll
Register platform support module: C:/Program Files/Unity/Hub/Editor/2021.3.18f1/Editor/Data/PlaybackEngines/WindowsStandaloneSupport/UnityEditor.WindowsStandalone.Extensions.dll
Registered in 0.009652 seconds.
Native extension for WindowsStandalone target not found
Native extension for WebGL target not found
Multiple plugins with the same name 'zlib64plastic' (found at 'Assets/project/Library/PackageCache/com.unity.collab-proxy@1.15.15/Lib/Editor/PlasticSCM/zlib64Plastic.dll' and 'Packages/com.unity.collab-proxy/Lib/Editor/PlasticSCM/zlib64Plastic.dll'). That means one or more plugins are set to be compatible with Editor. Only one plugin at the time can be used by Editor.
Multiple plugins with the same name 'unity.visualscripting.sqlite3' (found at 'Assets/project/Library/PackageCache/com.unity.visualscripting@1.7.6/Editor/VisualScripting.Core/Dependencies/Assemblies/Unity.VisualScripting.sqlite3.dll' and 'Packages/com.unity.visualscripting/Editor/VisualScripting.Core/Dependencies/Assemblies/Unity.VisualScripting.sqlite3.dll'). That means one or more plugins are set to be compatible with Editor. Only one plugin at the time can be used by Editor.
Multiple plugins with the same name 'lz4x64plastic' (found at 'Packages/com.unity.collab-proxy/Lib/Editor/PlasticSCM/lz4x64Plastic.dll' and 'Assets/project/Library/PackageCache/com.unity.collab-proxy@1.15.15/Lib/Editor/PlasticSCM/lz4x64Plastic.dll'). That means one or more plugins are set to be compatible with Editor. Only one plugin at the time can be used by Editor.
Refreshing native plugins compatible for Editor in 103.92 ms, found 3 plugins.
Preloading 0 native plugins for Editor in 0.00 ms.
Mono: successfully reloaded assembly
- Completed reload, in  0.603 seconds
Domain Reload Profiling:
	ReloadAssembly (603ms)
		BeginReloadAssembly (76ms)
			ExecutionOrderSort (0ms)
			DisableScriptedObjects (0ms)
			BackupInstance (0ms)
			ReleaseScriptingObjects (0ms)
			CreateAndSetChildDomain (1ms)
		EndReloadAssembly (416ms)
			LoadAssemblies (71ms)
			RebuildTransferFunctionScriptingTraits (0ms)
			SetupTypeCache (98ms)
			ReleaseScriptCaches (0ms)
			RebuildScriptCaches (24ms)
			SetupLoadedEditorAssemblies (247ms)
				LogAssemblyErrors (0ms)
				InitializePlatformSupportModulesInManaged (11ms)
				SetLoadedEditorAssemblies (0ms)
				RefreshPlugins (104ms)
				BeforeProcessingInitializeOnLoad (1ms)
				ProcessInitializeOnLoadAttributes (95ms)
				ProcessInitializeOnLoadMethodAttributes (36ms)
				AfterProcessingInitializeOnLoad (0ms)
				EditorAssembliesLoaded (0ms)
			ExecutionOrderSort2 (0ms)
			AwakeInstancesAfterBackupRestoration (0ms)
Platform modules already initialized, skipping
Registering precompiled user dll's ...
Registered in 0.013754 seconds.
Assembly with name 'UnityEngine.TestRunner' already exists (Packages/com.unity.test-framework/UnityEngine.TestRunner/UnityEngine.TestRunner.asmdef)
Assembly with name 'UnityEngine.TestRunner' already exists (Assets/project/Library/PackageCache/com.unity.test-framework@1.1.31/UnityEngine.TestRunner/UnityEngine.TestRunner.asmdef)
Assembly with name 'UnityEditor.TestRunner' already exists (Assets/project/Library/PackageCache/com.unity.test-framework@1.1.31/UnityEditor.TestRunner/UnityEditor.TestRunner.asmdef)
Assembly with name 'UnityEditor.TestRunner' already exists (Packages/com.unity.test-framework/UnityEditor.TestRunner/UnityEditor.TestRunner.asmdef)
Assembly with name 'Unity.VisualScripting.Flow.Editor' already exists (Assets/project/Library/PackageCache/com.unity.visualscripting@1.7.6/Editor/VisualScripting.Flow/Unity.VisualScripting.Flow.Editor.asmdef)
Assembly with name 'Unity.VisualScripting.Flow.Editor' already exists (Packages/com.unity.visualscripting/Editor/VisualScripting.Flow/Unity.VisualScripting.Flow.Editor.asmdef)
Assembly with name 'Unity.VisualScripting.Flow' already exists (Packages/com.unity.visualscripting/Runtime/VisualScripting.Flow/Unity.VisualScripting.Flow.asmdef)
Assembly with name 'Unity.VisualScripting.Flow' already exists (Assets/project/Library/PackageCache/com.unity.visualscripting@1.7.6/Runtime/VisualScripting.Flow/Unity.VisualScripting.Flow.asmdef)
Assembly with name 'Unity.VisualScripting.Core.Editor' already exists (Assets/project/Library/PackageCache/com.unity.visualscripting@1.7.6/Editor/VisualScripting.Core/Unity.VisualScripting.Core.Editor.asmdef)
Assembly with name 'Unity.VisualScripting.Core.Editor' already exists (Packages/com.unity.visualscripting/Editor/VisualScripting.Core/Unity.VisualScripting.Core.Editor.asmdef)
Assembly with name 'UnityEditor.UI' already exists (Packages/com.unity.ugui/Editor/UnityEditor.UI.asmdef)
Assembly with name 'UnityEditor.UI' already exists (Assets/project/Library/PackageCache/com.unity.ugui@1.0.0/Editor/UnityEditor.UI.asmdef)
Assembly with name 'DocCodeExamples' already exists (Packages/com.unity.timeline/DocCodeExamples/DocCodeExamples.asmdef)
Assembly with name 'DocCodeExamples' already exists (Assets/project/Library/PackageCache/com.unity.timeline@1.6.4/DocCodeExamples/DocCodeExamples.asmdef)
Assembly with name 'Unity.Timeline' already exists (Assets/project/Library/PackageCache/com.unity.timeline@1.6.4/Runtime/Unity.Timeline.asmdef)
Assembly with name 'Unity.Timeline' already exists (Packages/com.unity.timeline/Runtime/Unity.Timeline.asmdef)
Assembly with name 'Unity.Rider.Editor' already exists (Assets/project/Library/PackageCache/com.unity.ide.rider@3.0.18/Rider/Editor/com.unity.ide.rider.asmdef)
Assembly with name 'Unity.Rider.Editor' already exists (Packages/com.unity.ide.rider/Rider/Editor/com.unity.ide.rider.asmdef)
Assembly with name 'Unity.VSCode.Editor' already exists (Assets/project/Library/PackageCache/com.unity.ide.vscode@1.2.5/Editor/Unity.com.unity.vscode.Editor.asmdef)
Assembly with name 'Unity.VSCode.Editor' already exists (Packages/com.unity.ide.vscode/Editor/Unity.com.unity.vscode.Editor.asmdef)
Assembly with name 'Unity.Settings.Tests' already exists (Assets/project/Library/PackageCache/com.unity.settings-manager@1.0.3/Tests/Editor/Unity.Settings.Editor.Tests.asmdef)
Assembly with name 'Unity.Settings.Tests' already exists (Packages/com.unity.settings-manager/Tests/Editor/Unity.Settings.Editor.Tests.asmdef)
Assembly with name 'Unity.TextMeshPro' already exists (Assets/project/Library/PackageCache/com.unity.textmeshpro@3.0.6/Scripts/Runtime/Unity.TextMeshPro.asmdef)
Assembly with name 'Unity.TextMeshPro' already exists (Packages/com.unity.textmeshpro/Scripts/Runtime/Unity.TextMeshPro.asmdef)
Assembly with name 'Unity.VisualScripting.Core' already exists (Packages/com.unity.visualscripting/Runtime/VisualScripting.Core/Unity.VisualScripting.Core.asmdef)
Assembly with name 'Unity.VisualScripting.Core' already exists (Assets/project/Library/PackageCache/com.unity.visualscripting@1.7.6/Runtime/VisualScripting.Core/Unity.VisualScripting.Core.asmdef)
Assembly with name 'Unity.VisualScripting.SettingsProvider.Editor' already exists (Assets/project/Library/PackageCache/com.unity.visualscripting@1.7.6/Editor/SettingsProvider/Unity.VisualScripting.SettingsProvider.Editor.asmdef)
Assembly with name 'Unity.VisualScripting.SettingsProvider.Editor' already exists (Packages/com.unity.visualscripting/Editor/SettingsProvider/Unity.VisualScripting.SettingsProvider.Editor.asmdef)
Assembly with name 'Unity.Performance.Profile-Analyzer.Editor' already exists (Assets/project/Library/PackageCache/com.unity.performance.profile-analyzer@1.1.1/Editor/Unity.Performance.Profile-Analyzer.Editor.asmdef)
Assembly with name 'Unity.Performance.Profile-Analyzer.Editor' already exists (Packages/com.unity.performance.profile-analyzer/Editor/Unity.Performance.Profile-Analyzer.Editor.asmdef)
Assembly with name 'Unity.VisualStudio.Editor' already exists (Assets/project/Library/PackageCache/com.unity.ide.visualstudio@2.0.17/Editor/com.unity.ide.visualstudio.asmdef)
Assembly with name 'Unity.VisualStudio.Editor' already exists (Packages/com.unity.ide.visualstudio/Editor/com.unity.ide.visualstudio.asmdef)
Assembly with name 'Unity.TextMeshPro.Editor' already exists (Assets/project/Library/PackageCache/com.unity.textmeshpro@3.0.6/Scripts/Editor/Unity.TextMeshPro.Editor.asmdef)
Assembly with name 'Unity.TextMeshPro.Editor' already exists (Packages/com.unity.textmeshpro/Scripts/Editor/Unity.TextMeshPro.Editor.asmdef)
Assembly with name 'Unity.TestTools.CodeCoverage.Editor.OpenCover.Model' already exists (Assets/project/Library/PackageCache/com.unity.testtools.codecoverage@1.2.2/Editor/CoverageFormats/OpenCover/Model/Model.asmdef)
Assembly with name 'Unity.TestTools.CodeCoverage.Editor.OpenCover.Model' already exists (Packages/com.unity.testtools.codecoverage/Editor/CoverageFormats/OpenCover/Model/Model.asmdef)
Assembly with name 'Unity.TestTools.CodeCoverage.Editor.OpenCover.Mono.Reflection' already exists (Assets/project/Library/PackageCache/com.unity.testtools.codecoverage@1.2.2/Editor/CoverageFormats/OpenCover/Mono.Reflection/Reflection.asmdef)
Assembly with name 'Unity.TestTools.CodeCoverage.Editor.OpenCover.Mono.Reflection' already exists (Packages/com.unity.testtools.codecoverage/Editor/CoverageFormats/OpenCover/Mono.Reflection/Reflection.asmdef)
Assembly with name 'Unity.TextMeshPro.Tests' already exists (Packages/com.unity.textmeshpro/Tests/Runtime/Unity.TextMeshPro.Tests.asmdef)
Assembly with name 'Unity.TextMeshPro.Tests' already exists (Assets/project/Library/PackageCache/com.unity.textmeshpro@3.0.6/Tests/Runtime/Unity.TextMeshPro.Tests.asmdef)
Assembly with name 'UnityEngine.UI.Tests' already exists (Assets/project/Library/PackageCache/com.unity.ugui@1.0.0/Tests/Runtime/UnityEngine.UI.Tests.asmdef)
Assembly with name 'UnityEngine.UI.Tests' already exists (Packages/com.unity.ugui/Tests/Runtime/UnityEngine.UI.Tests.asmdef)
Assembly with name 'Unity.Settings.Editor' already exists (Assets/project/Library/PackageCache/com.unity.settings-manager@1.0.3/Editor/Unity.Settings.Editor.asmdef)
Assembly with name 'Unity.Settings.Editor' already exists (Packages/com.unity.settings-manager/Editor/Unity.Settings.Editor.asmdef)
Assembly with name 'Unity.Timeline.Editor' already exists (Packages/com.unity.timeline/Editor/Unity.Timeline.Editor.asmdef)
Assembly with name 'Unity.Timeline.Editor' already exists (Assets/project/Library/PackageCache/com.unity.timeline@1.6.4/Editor/Unity.Timeline.Editor.asmdef)
Assembly with name 'Unity.CollabProxy.Editor' already exists (Packages/com.unity.collab-proxy/Editor/PlasticSCM/Toolbar/Unity.CollabProxy.Editor.asmdef)
Assembly with name 'Unity.CollabProxy.Editor' already exists (Assets/project/Library/PackageCache/com.unity.collab-proxy@1.15.15/Editor/Collaborate/Unity.CollabProxy.Editor.asmdef)
Assembly with name 'Unity.TestTools.CodeCoverage.Editor.Compatibility' already exists (Packages/com.unity.testtools.codecoverage/Editor/Compatibility/Compatibility.asmdef)
Assembly with name 'Unity.TestTools.CodeCoverage.Editor.Compatibility' already exists (Assets/project/Library/PackageCache/com.unity.testtools.codecoverage@1.2.2/Editor/Compatibility/Compatibility.asmdef)
Assembly with name 'Unity.VisualScripting.Shared.Editor' already exists (Assets/project/Library/PackageCache/com.unity.visualscripting@1.7.6/Editor/VisualScripting.Shared/Unity.VisualScripting.Shared.Editor.asmdef)
Assembly with name 'Unity.VisualScripting.Shared.Editor' already exists (Packages/com.unity.visualscripting/Editor/VisualScripting.Shared/Unity.VisualScripting.Shared.Editor.asmdef)
Assembly with name 'UnityEditor.UI.EditorTests' already exists (Packages/com.unity.ugui/Tests/Editor/UnityEditor.UI.EditorTests.asmdef)
Assembly with name 'UnityEditor.UI.EditorTests' already exists (Assets/project/Library/PackageCache/com.unity.ugui@1.0.0/Tests/Editor/UnityEditor.UI.EditorTests.asmdef)
Assembly with name 'UnityEngine.UI' already exists (Assets/project/Library/PackageCache/com.unity.ugui@1.0.0/Runtime/UnityEngine.UI.asmdef)
Assembly with name 'UnityEngine.UI' already exists (Packages/com.unity.ugui/Runtime/UnityEngine.UI.asmdef)
Assembly with name 'Unity.PlasticSCM.Editor' already exists (Assets/project/Library/PackageCache/com.unity.collab-proxy@1.15.15/Editor/PlasticSCM/Unity.PlasticSCM.Editor.asmdef)
Assembly with name 'Unity.PlasticSCM.Editor' already exists (Packages/com.unity.collab-proxy/Editor/PlasticSCM/Unity.PlasticSCM.Editor.asmdef)
Assembly with name 'Unity.TestTools.CodeCoverage.Editor' already exists (Packages/com.unity.testtools.codecoverage/Editor/CodeCoverage.Editor.asmdef)
Assembly with name 'Unity.TestTools.CodeCoverage.Editor' already exists (Assets/project/Library/PackageCache/com.unity.testtools.codecoverage@1.2.2/Editor/CodeCoverage.Editor.asmdef)
Assembly with name 'Unity.TextMeshPro.Editor.Tests' already exists (Assets/project/Library/PackageCache/com.unity.textmeshpro@3.0.6/Tests/Editor/Unity.TextMeshPro.Editor.Tests.asmdef)
Assembly with name 'Unity.TextMeshPro.Editor.Tests' already exists (Packages/com.unity.textmeshpro/Tests/Editor/Unity.TextMeshPro.Editor.Tests.asmdef)
Assembly with name 'Unity.VisualScripting.State.Editor' already exists (Assets/project/Library/PackageCache/com.unity.visualscripting@1.7.6/Editor/VisualScripting.State/Unity.VisualScripting.State.Editor.asmdef)
Assembly with name 'Unity.VisualScripting.State.Editor' already exists (Packages/com.unity.visualscripting/Editor/VisualScripting.State/Unity.VisualScripting.State.Editor.asmdef)
Assembly with name 'Unity.VisualScripting.State' already exists (Packages/com.unity.visualscripting/Runtime/VisualScripting.State/Unity.VisualScripting.State.asmdef)
Assembly with name 'Unity.VisualScripting.State' already exists (Assets/project/Library/PackageCache/com.unity.visualscripting@1.7.6/Runtime/VisualScripting.State/Unity.VisualScripting.State.asmdef)
Assembly with name 'Unity.Performance.Profile-Analyzer.EditorTests' already exists (Packages/com.unity.performance.profile-analyzer/Tests/Editor/Unity.Performance.Profile-Analyzer.EditorTests.asmdef)
Assembly with name 'Unity.Performance.Profile-Analyzer.EditorTests' already exists (Assets/project/Library/PackageCache/com.unity.performance.profile-analyzer@1.1.1/Tests/Editor/Unity.Performance.Profile-Analyzer.EditorTests.asmdef)
Assembly with name 'UnityEngine.TestRunner' already exists (Packages/com.unity.test-framework/UnityEngine.TestRunner/UnityEngine.TestRunner.asmdef)
Assembly with name 'UnityEngine.TestRunner' already exists (Assets/project/Library/PackageCache/com.unity.test-framework@1.1.31/UnityEngine.TestRunner/UnityEngine.TestRunner.asmdef)
Assembly with name 'UnityEditor.TestRunner' already exists (Assets/project/Library/PackageCache/com.unity.test-framework@1.1.31/UnityEditor.TestRunner/UnityEditor.TestRunner.asmdef)
Assembly with name 'UnityEditor.TestRunner' already exists (Packages/com.unity.test-framework/UnityEditor.TestRunner/UnityEditor.TestRunner.asmdef)
Assembly with name 'Unity.VisualScripting.Flow.Editor' already exists (Assets/project/Library/PackageCache/com.unity.visualscripting@1.7.6/Editor/VisualScripting.Flow/Unity.VisualScripting.Flow.Editor.asmdef)
Assembly with name 'Unity.VisualScripting.Flow.Editor' already exists (Packages/com.unity.visualscripting/Editor/VisualScripting.Flow/Unity.VisualScripting.Flow.Editor.asmdef)
Assembly with name 'Unity.VisualScripting.Flow' already exists (Packages/com.unity.visualscripting/Runtime/VisualScripting.Flow/Unity.VisualScripting.Flow.asmdef)
Assembly with name 'Unity.VisualScripting.Flow' already exists (Assets/project/Library/PackageCache/com.unity.visualscripting@1.7.6/Runtime/VisualScripting.Flow/Unity.VisualScripting.Flow.asmdef)
Assembly with name 'Unity.VisualScripting.Core.Editor' already exists (Assets/project/Library/PackageCache/com.unity.visualscripting@1.7.6/Editor/VisualScripting.Core/Unity.VisualScripting.Core.Editor.asmdef)
Assembly with name 'Unity.VisualScripting.Core.Editor' already exists (Packages/com.unity.visualscripting/Editor/VisualScripting.Core/Unity.VisualScripting.Core.Editor.asmdef)
Assembly with name 'UnityEditor.UI' already exists (Packages/com.unity.ugui/Editor/UnityEditor.UI.asmdef)
Assembly with name 'UnityEditor.UI' already exists (Assets/project/Library/PackageCache/com.unity.ugui@1.0.0/Editor/UnityEditor.UI.asmdef)
Assembly with name 'DocCodeExamples' already exists (Packages/com.unity.timeline/DocCodeExamples/DocCodeExamples.asmdef)
Assembly with name 'DocCodeExamples' already exists (Assets/project/Library/PackageCache/com.unity.timeline@1.6.4/DocCodeExamples/DocCodeExamples.asmdef)
Assembly with name 'Unity.Timeline' already exists (Assets/project/Library/PackageCache/com.unity.timeline@1.6.4/Runtime/Unity.Timeline.asmdef)
Assembly with name 'Unity.Timeline' already exists (Packages/com.unity.timeline/Runtime/Unity.Timeline.asmdef)
Assembly with name 'Unity.Rider.Editor' already exists (Assets/project/Library/PackageCache/com.unity.ide.rider@3.0.18/Rider/Editor/com.unity.ide.rider.asmdef)
Assembly with name 'Unity.Rider.Editor' already exists (Packages/com.unity.ide.rider/Rider/Editor/com.unity.ide.rider.asmdef)
Assembly with name 'Unity.VSCode.Editor' already exists (Assets/project/Library/PackageCache/com.unity.ide.vscode@1.2.5/Editor/Unity.com.unity.vscode.Editor.asmdef)
Assembly with name 'Unity.VSCode.Editor' already exists (Packages/com.unity.ide.vscode/Editor/Unity.com.unity.vscode.Editor.asmdef)
Assembly with name 'Unity.Settings.Tests' already exists (Assets/project/Library/PackageCache/com.unity.settings-manager@1.0.3/Tests/Editor/Unity.Settings.Editor.Tests.asmdef)
Assembly with name 'Unity.Settings.Tests' already exists (Packages/com.unity.settings-manager/Tests/Editor/Unity.Settings.Editor.Tests.asmdef)
Assembly with name 'Unity.TextMeshPro' already exists (Assets/project/Library/PackageCache/com.unity.textmeshpro@3.0.6/Scripts/Runtime/Unity.TextMeshPro.asmdef)
Assembly with name 'Unity.TextMeshPro' already exists (Packages/com.unity.textmeshpro/Scripts/Runtime/Unity.TextMeshPro.asmdef)
Assembly with name 'Unity.VisualScripting.Core' already exists (Packages/com.unity.visualscripting/Runtime/VisualScripting.Core/Unity.VisualScripting.Core.asmdef)
Assembly with name 'Unity.VisualScripting.Core' already exists (Assets/project/Library/PackageCache/com.unity.visualscripting@1.7.6/Runtime/VisualScripting.Core/Unity.VisualScripting.Core.asmdef)
Assembly with name 'Unity.VisualScripting.SettingsProvider.Editor' already exists (Assets/project/Library/PackageCache/com.unity.visualscripting@1.7.6/Editor/SettingsProvider/Unity.VisualScripting.SettingsProvider.Editor.asmdef)
Assembly with name 'Unity.VisualScripting.SettingsProvider.Editor' already exists (Packages/com.unity.visualscripting/Editor/SettingsProvider/Unity.VisualScripting.SettingsProvider.Editor.asmdef)
Assembly with name 'Unity.Performance.Profile-Analyzer.Editor' already exists (Assets/project/Library/PackageCache/com.unity.performance.profile-analyzer@1.1.1/Editor/Unity.Performance.Profile-Analyzer.Editor.asmdef)
Assembly with name 'Unity.Performance.Profile-Analyzer.Editor' already exists (Packages/com.unity.performance.profile-analyzer/Editor/Unity.Performance.Profile-Analyzer.Editor.asmdef)
Assembly with name 'Unity.VisualStudio.Editor' already exists (Assets/project/Library/PackageCache/com.unity.ide.visualstudio@2.0.17/Editor/com.unity.ide.visualstudio.asmdef)
Assembly with name 'Unity.VisualStudio.Editor' already exists (Packages/com.unity.ide.visualstudio/Editor/com.unity.ide.visualstudio.asmdef)
Assembly with name 'Unity.TextMeshPro.Editor' already exists (Assets/project/Library/PackageCache/com.unity.textmeshpro@3.0.6/Scripts/Editor/Unity.TextMeshPro.Editor.asmdef)
Assembly with name 'Unity.TextMeshPro.Editor' already exists (Packages/com.unity.textmeshpro/Scripts/Editor/Unity.TextMeshPro.Editor.asmdef)
Assembly with name 'Unity.TestTools.CodeCoverage.Editor.OpenCover.Model' already exists (Assets/project/Library/PackageCache/com.unity.testtools.codecoverage@1.2.2/Editor/CoverageFormats/OpenCover/Model/Model.asmdef)
Assembly with name 'Unity.TestTools.CodeCoverage.Editor.OpenCover.Model' already exists (Packages/com.unity.testtools.codecoverage/Editor/CoverageFormats/OpenCover/Model/Model.asmdef)
Assembly with name 'Unity.TestTools.CodeCoverage.Editor.OpenCover.Mono.Reflection' already exists (Assets/project/Library/PackageCache/com.unity.testtools.codecoverage@1.2.2/Editor/CoverageFormats/OpenCover/Mono.Reflection/Reflection.asmdef)
Assembly with name 'Unity.TestTools.CodeCoverage.Editor.OpenCover.Mono.Reflection' already exists (Packages/com.unity.testtools.codecoverage/Editor/CoverageFormats/OpenCover/Mono.Reflection/Reflection.asmdef)
Assembly with name 'Unity.TextMeshPro.Tests' already exists (Packages/com.unity.textmeshpro/Tests/Runtime/Unity.TextMeshPro.Tests.asmdef)
Assembly with name 'Unity.TextMeshPro.Tests' already exists (Assets/project/Library/PackageCache/com.unity.textmeshpro@3.0.6/Tests/Runtime/Unity.TextMeshPro.Tests.asmdef)
Assembly with name 'UnityEngine.UI.Tests' already exists (Assets/project/Library/PackageCache/com.unity.ugui@1.0.0/Tests/Runtime/UnityEngine.UI.Tests.asmdef)
Assembly with name 'UnityEngine.UI.Tests' already exists (Packages/com.unity.ugui/Tests/Runtime/UnityEngine.UI.Tests.asmdef)
Assembly with name 'Unity.Settings.Editor' already exists (Assets/project/Library/PackageCache/com.unity.settings-manager@1.0.3/Editor/Unity.Settings.Editor.asmdef)
Assembly with name 'Unity.Settings.Editor' already exists (Packages/com.unity.settings-manager/Editor/Unity.Settings.Editor.asmdef)
Assembly with name 'Unity.Timeline.Editor' already exists (Packages/com.unity.timeline/Editor/Unity.Timeline.Editor.asmdef)
Assembly with name 'Unity.Timeline.Editor' already exists (Assets/project/Library/PackageCache/com.unity.timeline@1.6.4/Editor/Unity.Timeline.Editor.asmdef)
Assembly with name 'Unity.CollabProxy.Editor' already exists (Packages/com.unity.collab-proxy/Editor/PlasticSCM/Toolbar/Unity.CollabProxy.Editor.asmdef)
Assembly with name 'Unity.CollabProxy.Editor' already exists (Assets/project/Library/PackageCache/com.unity.collab-proxy@1.15.15/Editor/Collaborate/Unity.CollabProxy.Editor.asmdef)
Assembly with name 'Unity.TestTools.CodeCoverage.Editor.Compatibility' already exists (Packages/com.unity.testtools.codecoverage/Editor/Compatibility/Compatibility.asmdef)
Assembly with name 'Unity.TestTools.CodeCoverage.Editor.Compatibility' already exists (Assets/project/Library/PackageCache/com.unity.testtools.codecoverage@1.2.2/Editor/Compatibility/Compatibility.asmdef)
Assembly with name 'Unity.VisualScripting.Shared.Editor' already exists (Assets/project/Library/PackageCache/com.unity.visualscripting@1.7.6/Editor/VisualScripting.Shared/Unity.VisualScripting.Shared.Editor.asmdef)
Assembly with name 'Unity.VisualScripting.Shared.Editor' already exists (Packages/com.unity.visualscripting/Editor/VisualScripting.Shared/Unity.VisualScripting.Shared.Editor.asmdef)
Assembly with name 'UnityEditor.UI.EditorTests' already exists (Packages/com.unity.ugui/Tests/Editor/UnityEditor.UI.EditorTests.asmdef)
Assembly with name 'UnityEditor.UI.EditorTests' already exists (Assets/project/Library/PackageCache/com.unity.ugui@1.0.0/Tests/Editor/UnityEditor.UI.EditorTests.asmdef)
Assembly with name 'UnityEngine.UI' already exists (Assets/project/Library/PackageCache/com.unity.ugui@1.0.0/Runtime/UnityEngine.UI.asmdef)
Assembly with name 'UnityEngine.UI' already exists (Packages/com.unity.ugui/Runtime/UnityEngine.UI.asmdef)
Assembly with name 'Unity.PlasticSCM.Editor' already exists (Assets/project/Library/PackageCache/com.unity.collab-proxy@1.15.15/Editor/PlasticSCM/Unity.PlasticSCM.Editor.asmdef)
Assembly with name 'Unity.PlasticSCM.Editor' already exists (Packages/com.unity.collab-proxy/Editor/PlasticSCM/Unity.PlasticSCM.Editor.asmdef)
Assembly with name 'Unity.TestTools.CodeCoverage.Editor' already exists (Packages/com.unity.testtools.codecoverage/Editor/CodeCoverage.Editor.asmdef)
Assembly with name 'Unity.TestTools.CodeCoverage.Editor' already exists (Assets/project/Library/PackageCache/com.unity.testtools.codecoverage@1.2.2/Editor/CodeCoverage.Editor.asmdef)
Assembly with name 'Unity.TextMeshPro.Editor.Tests' already exists (Assets/project/Library/PackageCache/com.unity.textmeshpro@3.0.6/Tests/Editor/Unity.TextMeshPro.Editor.Tests.asmdef)
Assembly with name 'Unity.TextMeshPro.Editor.Tests' already exists (Packages/com.unity.textmeshpro/Tests/Editor/Unity.TextMeshPro.Editor.Tests.asmdef)
Assembly with name 'Unity.VisualScripting.State.Editor' already exists (Assets/project/Library/PackageCache/com.unity.visualscripting@1.7.6/Editor/VisualScripting.State/Unity.VisualScripting.State.Editor.asmdef)
Assembly with name 'Unity.VisualScripting.State.Editor' already exists (Packages/com.unity.visualscripting/Editor/VisualScripting.State/Unity.VisualScripting.State.Editor.asmdef)
Assembly with name 'Unity.VisualScripting.State' already exists (Packages/com.unity.visualscripting/Runtime/VisualScripting.State/Unity.VisualScripting.State.asmdef)
Assembly with name 'Unity.VisualScripting.State' already exists (Assets/project/Library/PackageCache/com.unity.visualscripting@1.7.6/Runtime/VisualScripting.State/Unity.VisualScripting.State.asmdef)
Assembly with name 'Unity.Performance.Profile-Analyzer.EditorTests' already exists (Packages/com.unity.performance.profile-analyzer/Tests/Editor/Unity.Performance.Profile-Analyzer.EditorTests.asmdef)
Assembly with name 'Unity.Performance.Profile-Analyzer.EditorTests' already exists (Assets/project/Library/PackageCache/com.unity.performance.profile-analyzer@1.1.1/Tests/Editor/Unity.Performance.Profile-Analyzer.EditorTests.asmdef)
Begin MonoManager ReloadAssembly
Symbol file LoadedFromMemory doesn't match image C:\Users\86177\Documents\GitHub\lll\3l\Library\PackageCache\com.unity.visualscripting@1.8.0\Editor\VisualScripting.Core\Dependencies\YamlDotNet\Unity.VisualScripting.YamlDotNet.dll
Symbol file LoadedFromMemory is not a mono symbol file
Symbol file LoadedFromMemory doesn't match image C:\Users\86177\Documents\GitHub\lll\3l\Library\PackageCache\com.unity.visualscripting@1.8.0\Editor\VisualScripting.Core\Dependencies\DotNetZip\Unity.VisualScripting.IonicZip.dll
Symbol file LoadedFromMemory doesn't match image C:\Users\86177\Documents\GitHub\lll\3l\Assets\project\Library\PackageCache\com.unity.visualscripting@1.7.6\Editor\VisualScripting.Core\Dependencies\YamlDotNet\Unity.VisualScripting.YamlDotNet.dll
Symbol file LoadedFromMemory doesn't match image C:\Users\86177\Documents\GitHub\lll\3l\Assets\project\Library\PackageCache\com.unity.visualscripting@1.7.6\Editor\VisualScripting.Core\Dependencies\DotNetZip\Unity.VisualScripting.IonicZip.dll
Could not load signature of Unity.PlasticSCM.Editor.Views.PendingChanges.Dialogs.CreateChangelistDialog:CreateChangelist due to: Could not resolve type with token 0100009f from typeref (expected class 'PlasticGui.WorkspaceWindow.PendingChanges.Changelists.ChangelistCreationData' in assembly 'unityplastic, Version=11.0.16.7595, Culture=neutral, PublicKeyToken=a107c9c6e34c8876') assembly:unityplastic, Version=11.0.16.7595, Culture=neutral, PublicKeyToken=a107c9c6e34c8876 type:PlasticGui.WorkspaceWindow.PendingChanges.Changelists.ChangelistCreationData member:(null)
Could not load signature of Unity.PlasticSCM.Editor.Views.PendingChanges.Dialogs.CreateChangelistDialog:EditChangelist due to: Could not resolve type with token 0100009f from typeref (expected class 'PlasticGui.WorkspaceWindow.PendingChanges.Changelists.ChangelistCreationData' in assembly 'unityplastic, Version=11.0.16.7595, Culture=neutral, PublicKeyToken=a107c9c6e34c8876') assembly:unityplastic, Version=11.0.16.7595, Culture=neutral, PublicKeyToken=a107c9c6e34c8876 type:PlasticGui.WorkspaceWindow.PendingChanges.Changelists.ChangelistCreationData member:(null)
Could not load signature of Unity.PlasticSCM.Editor.Views.PendingChanges.Dialogs.CreateChangelistDialog:BuildCreationData due to: Could not resolve type with token 0100009f from typeref (expected class 'PlasticGui.WorkspaceWindow.PendingChanges.Changelists.ChangelistCreationData' in assembly 'unityplastic, Version=11.0.16.7595, Culture=neutral, PublicKeyToken=a107c9c6e34c8876') assembly:unityplastic, Version=11.0.16.7595, Culture=neutral, PublicKeyToken=a107c9c6e34c8876 type:PlasticGui.WorkspaceWindow.PendingChanges.Changelists.ChangelistCreationData member:(null)
Could not load signature of Unity.PlasticSCM.Editor.PlasticWindow:InitializeNotificationBarUpdater due to: Could not resolve type with token 0100003d from typeref (expected class 'PlasticGui.WorkspaceWindow.NotificationBar.INotificationBar' in assembly 'unityplastic, Version=11.0.16.7595, Culture=neutral, PublicKeyToken=a107c9c6e34c8876') assembly:unityplastic, Version=11.0.16.7595, Culture=neutral, PublicKeyToken=a107c9c6e34c8876 type:PlasticGui.WorkspaceWindow.NotificationBar.INotificationBar member:(null)
Unloading broken assembly Library/ScriptAssemblies/Unity.PlasticSCM.Editor.dll, this assembly can cause crashes in the runtime
Native extension for WindowsStandalone target not found
Native extension for WebGL target not found
Multiple plugins with the same name 'zlib64plastic' (found at 'Assets/project/Library/PackageCache/com.unity.collab-proxy@1.15.15/Lib/Editor/PlasticSCM/zlib64Plastic.dll' and 'Packages/com.unity.collab-proxy/Lib/Editor/PlasticSCM/zlib64Plastic.dll'). That means one or more plugins are set to be compatible with Editor. Only one plugin at the time can be used by Editor.
Multiple plugins with the same name 'unity.visualscripting.sqlite3' (found at 'Assets/project/Library/PackageCache/com.unity.visualscripting@1.7.6/Editor/VisualScripting.Core/Dependencies/Assemblies/Unity.VisualScripting.sqlite3.dll' and 'Packages/com.unity.visualscripting/Editor/VisualScripting.Core/Dependencies/Assemblies/Unity.VisualScripting.sqlite3.dll'). That means one or more plugins are set to be compatible with Editor. Only one plugin at the time can be used by Editor.
Multiple plugins with the same name 'lz4x64plastic' (found at 'Packages/com.unity.collab-proxy/Lib/Editor/PlasticSCM/lz4x64Plastic.dll' and 'Assets/project/Library/PackageCache/com.unity.collab-proxy@1.15.15/Lib/Editor/PlasticSCM/lz4x64Plastic.dll'). That means one or more plugins are set to be compatible with Editor. Only one plugin at the time can be used by Editor.
Refreshing native plugins compatible for Editor in 1.64 ms, found 3 plugins.
Preloading 0 native plugins for Editor in 0.00 ms.
Assembly with name 'UnityEngine.TestRunner' already exists (Packages/com.unity.test-framework/UnityEngine.TestRunner/UnityEngine.TestRunner.asmdef)
Assembly with name 'UnityEngine.TestRunner' already exists (Assets/project/Library/PackageCache/com.unity.test-framework@1.1.31/UnityEngine.TestRunner/UnityEngine.TestRunner.asmdef)
Assembly with name 'UnityEditor.TestRunner' already exists (Assets/project/Library/PackageCache/com.unity.test-framework@1.1.31/UnityEditor.TestRunner/UnityEditor.TestRunner.asmdef)
Assembly with name 'UnityEditor.TestRunner' already exists (Packages/com.unity.test-framework/UnityEditor.TestRunner/UnityEditor.TestRunner.asmdef)
Assembly with name 'Unity.VisualScripting.Flow.Editor' already exists (Assets/project/Library/PackageCache/com.unity.visualscripting@1.7.6/Editor/VisualScripting.Flow/Unity.VisualScripting.Flow.Editor.asmdef)
Assembly with name 'Unity.VisualScripting.Flow.Editor' already exists (Packages/com.unity.visualscripting/Editor/VisualScripting.Flow/Unity.VisualScripting.Flow.Editor.asmdef)
Assembly with name 'Unity.VisualScripting.Flow' already exists (Packages/com.unity.visualscripting/Runtime/VisualScripting.Flow/Unity.VisualScripting.Flow.asmdef)
Assembly with name 'Unity.VisualScripting.Flow' already exists (Assets/project/Library/PackageCache/com.unity.visualscripting@1.7.6/Runtime/VisualScripting.Flow/Unity.VisualScripting.Flow.asmdef)
Assembly with name 'Unity.VisualScripting.Core.Editor' already exists (Assets/project/Library/PackageCache/com.unity.visualscripting@1.7.6/Editor/VisualScripting.Core/Unity.VisualScripting.Core.Editor.asmdef)
Assembly with name 'Unity.VisualScripting.Core.Editor' already exists (Packages/com.unity.visualscripting/Editor/VisualScripting.Core/Unity.VisualScripting.Core.Editor.asmdef)
Assembly with name 'UnityEditor.UI' already exists (Packages/com.unity.ugui/Editor/UnityEditor.UI.asmdef)
Assembly with name 'UnityEditor.UI' already exists (Assets/project/Library/PackageCache/com.unity.ugui@1.0.0/Editor/UnityEditor.UI.asmdef)
Assembly with name 'DocCodeExamples' already exists (Packages/com.unity.timeline/DocCodeExamples/DocCodeExamples.asmdef)
Assembly with name 'DocCodeExamples' already exists (Assets/project/Library/PackageCache/com.unity.timeline@1.6.4/DocCodeExamples/DocCodeExamples.asmdef)
Assembly with name 'Unity.Timeline' already exists (Assets/project/Library/PackageCache/com.unity.timeline@1.6.4/Runtime/Unity.Timeline.asmdef)
Assembly with name 'Unity.Timeline' already exists (Packages/com.unity.timeline/Runtime/Unity.Timeline.asmdef)
Assembly with name 'Unity.Rider.Editor' already exists (Assets/project/Library/PackageCache/com.unity.ide.rider@3.0.18/Rider/Editor/com.unity.ide.rider.asmdef)
Assembly with name 'Unity.Rider.Editor' already exists (Packages/com.unity.ide.rider/Rider/Editor/com.unity.ide.rider.asmdef)
Assembly with name 'Unity.VSCode.Editor' already exists (Assets/project/Library/PackageCache/com.unity.ide.vscode@1.2.5/Editor/Unity.com.unity.vscode.Editor.asmdef)
Assembly with name 'Unity.VSCode.Editor' already exists (Packages/com.unity.ide.vscode/Editor/Unity.com.unity.vscode.Editor.asmdef)
Assembly with name 'Unity.Settings.Tests' already exists (Assets/project/Library/PackageCache/com.unity.settings-manager@1.0.3/Tests/Editor/Unity.Settings.Editor.Tests.asmdef)
Assembly with name 'Unity.Settings.Tests' already exists (Packages/com.unity.settings-manager/Tests/Editor/Unity.Settings.Editor.Tests.asmdef)
Assembly with name 'Unity.TextMeshPro' already exists (Assets/project/Library/PackageCache/com.unity.textmeshpro@3.0.6/Scripts/Runtime/Unity.TextMeshPro.asmdef)
Assembly with name 'Unity.TextMeshPro' already exists (Packages/com.unity.textmeshpro/Scripts/Runtime/Unity.TextMeshPro.asmdef)
Assembly with name 'Unity.VisualScripting.Core' already exists (Packages/com.unity.visualscripting/Runtime/VisualScripting.Core/Unity.VisualScripting.Core.asmdef)
Assembly with name 'Unity.VisualScripting.Core' already exists (Assets/project/Library/PackageCache/com.unity.visualscripting@1.7.6/Runtime/VisualScripting.Core/Unity.VisualScripting.Core.asmdef)
Assembly with name 'Unity.VisualScripting.SettingsProvider.Editor' already exists (Assets/project/Library/PackageCache/com.unity.visualscripting@1.7.6/Editor/SettingsProvider/Unity.VisualScripting.SettingsProvider.Editor.asmdef)
Assembly with name 'Unity.VisualScripting.SettingsProvider.Editor' already exists (Packages/com.unity.visualscripting/Editor/SettingsProvider/Unity.VisualScripting.SettingsProvider.Editor.asmdef)
Assembly with name 'Unity.Performance.Profile-Analyzer.Editor' already exists (Assets/project/Library/PackageCache/com.unity.performance.profile-analyzer@1.1.1/Editor/Unity.Performance.Profile-Analyzer.Editor.asmdef)
Assembly with name 'Unity.Performance.Profile-Analyzer.Editor' already exists (Packages/com.unity.performance.profile-analyzer/Editor/Unity.Performance.Profile-Analyzer.Editor.asmdef)
Assembly with name 'Unity.VisualStudio.Editor' already exists (Assets/project/Library/PackageCache/com.unity.ide.visualstudio@2.0.17/Editor/com.unity.ide.visualstudio.asmdef)
Assembly with name 'Unity.VisualStudio.Editor' already exists (Packages/com.unity.ide.visualstudio/Editor/com.unity.ide.visualstudio.asmdef)
Assembly with name 'Unity.TextMeshPro.Editor' already exists (Assets/project/Library/PackageCache/com.unity.textmeshpro@3.0.6/Scripts/Editor/Unity.TextMeshPro.Editor.asmdef)
Assembly with name 'Unity.TextMeshPro.Editor' already exists (Packages/com.unity.textmeshpro/Scripts/Editor/Unity.TextMeshPro.Editor.asmdef)
Assembly with name 'Unity.TestTools.CodeCoverage.Editor.OpenCover.Model' already exists (Assets/project/Library/PackageCache/com.unity.testtools.codecoverage@1.2.2/Editor/CoverageFormats/OpenCover/Model/Model.asmdef)
Assembly with name 'Unity.TestTools.CodeCoverage.Editor.OpenCover.Model' already exists (Packages/com.unity.testtools.codecoverage/Editor/CoverageFormats/OpenCover/Model/Model.asmdef)
Assembly with name 'Unity.TestTools.CodeCoverage.Editor.OpenCover.Mono.Reflection' already exists (Assets/project/Library/PackageCache/com.unity.testtools.codecoverage@1.2.2/Editor/CoverageFormats/OpenCover/Mono.Reflection/Reflection.asmdef)
Assembly with name 'Unity.TestTools.CodeCoverage.Editor.OpenCover.Mono.Reflection' already exists (Packages/com.unity.testtools.codecoverage/Editor/CoverageFormats/OpenCover/Mono.Reflection/Reflection.asmdef)
Assembly with name 'Unity.TextMeshPro.Tests' already exists (Packages/com.unity.textmeshpro/Tests/Runtime/Unity.TextMeshPro.Tests.asmdef)
Assembly with name 'Unity.TextMeshPro.Tests' already exists (Assets/project/Library/PackageCache/com.unity.textmeshpro@3.0.6/Tests/Runtime/Unity.TextMeshPro.Tests.asmdef)
Assembly with name 'UnityEngine.UI.Tests' already exists (Assets/project/Library/PackageCache/com.unity.ugui@1.0.0/Tests/Runtime/UnityEngine.UI.Tests.asmdef)
Assembly with name 'UnityEngine.UI.Tests' already exists (Packages/com.unity.ugui/Tests/Runtime/UnityEngine.UI.Tests.asmdef)
Assembly with name 'Unity.Settings.Editor' already exists (Assets/project/Library/PackageCache/com.unity.settings-manager@1.0.3/Editor/Unity.Settings.Editor.asmdef)
Assembly with name 'Unity.Settings.Editor' already exists (Packages/com.unity.settings-manager/Editor/Unity.Settings.Editor.asmdef)
Assembly with name 'Unity.Timeline.Editor' already exists (Packages/com.unity.timeline/Editor/Unity.Timeline.Editor.asmdef)
Assembly with name 'Unity.Timeline.Editor' already exists (Assets/project/Library/PackageCache/com.unity.timeline@1.6.4/Editor/Unity.Timeline.Editor.asmdef)
Assembly with name 'Unity.CollabProxy.Editor' already exists (Packages/com.unity.collab-proxy/Editor/PlasticSCM/Toolbar/Unity.CollabProxy.Editor.asmdef)
Assembly with name 'Unity.CollabProxy.Editor' already exists (Assets/project/Library/PackageCache/com.unity.collab-proxy@1.15.15/Editor/Collaborate/Unity.CollabProxy.Editor.asmdef)
Assembly with name 'Unity.TestTools.CodeCoverage.Editor.Compatibility' already exists (Packages/com.unity.testtools.codecoverage/Editor/Compatibility/Compatibility.asmdef)
Assembly with name 'Unity.TestTools.CodeCoverage.Editor.Compatibility' already exists (Assets/project/Library/PackageCache/com.unity.testtools.codecoverage@1.2.2/Editor/Compatibility/Compatibility.asmdef)
Assembly with name 'Unity.VisualScripting.Shared.Editor' already exists (Assets/project/Library/PackageCache/com.unity.visualscripting@1.7.6/Editor/VisualScripting.Shared/Unity.VisualScripting.Shared.Editor.asmdef)
Assembly with name 'Unity.VisualScripting.Shared.Editor' already exists (Packages/com.unity.visualscripting/Editor/VisualScripting.Shared/Unity.VisualScripting.Shared.Editor.asmdef)
Assembly with name 'UnityEditor.UI.EditorTests' already exists (Packages/com.unity.ugui/Tests/Editor/UnityEditor.UI.EditorTests.asmdef)
Assembly with name 'UnityEditor.UI.EditorTests' already exists (Assets/project/Library/PackageCache/com.unity.ugui@1.0.0/Tests/Editor/UnityEditor.UI.EditorTests.asmdef)
Assembly with name 'UnityEngine.UI' already exists (Assets/project/Library/PackageCache/com.unity.ugui@1.0.0/Runtime/UnityEngine.UI.asmdef)
Assembly with name 'UnityEngine.UI' already exists (Packages/com.unity.ugui/Runtime/UnityEngine.UI.asmdef)
Assembly with name 'Unity.PlasticSCM.Editor' already exists (Assets/project/Library/PackageCache/com.unity.collab-proxy@1.15.15/Editor/PlasticSCM/Unity.PlasticSCM.Editor.asmdef)
Assembly with name 'Unity.PlasticSCM.Editor' already exists (Packages/com.unity.collab-proxy/Editor/PlasticSCM/Unity.PlasticSCM.Editor.asmdef)
Assembly with name 'Unity.TestTools.CodeCoverage.Editor' already exists (Packages/com.unity.testtools.codecoverage/Editor/CodeCoverage.Editor.asmdef)
Assembly with name 'Unity.TestTools.CodeCoverage.Editor' already exists (Assets/project/Library/PackageCache/com.unity.testtools.codecoverage@1.2.2/Editor/CodeCoverage.Editor.asmdef)
Assembly with name 'Unity.TextMeshPro.Editor.Tests' already exists (Assets/project/Library/PackageCache/com.unity.textmeshpro@3.0.6/Tests/Editor/Unity.TextMeshPro.Editor.Tests.asmdef)
Assembly with name 'Unity.TextMeshPro.Editor.Tests' already exists (Packages/com.unity.textmeshpro/Tests/Editor/Unity.TextMeshPro.Editor.Tests.asmdef)
Assembly with name 'Unity.VisualScripting.State.Editor' already exists (Assets/project/Library/PackageCache/com.unity.visualscripting@1.7.6/Editor/VisualScripting.State/Unity.VisualScripting.State.Editor.asmdef)
Assembly with name 'Unity.VisualScripting.State.Editor' already exists (Packages/com.unity.visualscripting/Editor/VisualScripting.State/Unity.VisualScripting.State.Editor.asmdef)
Assembly with name 'Unity.VisualScripting.State' already exists (Packages/com.unity.visualscripting/Runtime/VisualScripting.State/Unity.VisualScripting.State.asmdef)
Assembly with name 'Unity.VisualScripting.State' already exists (Assets/project/Library/PackageCache/com.unity.visualscripting@1.7.6/Runtime/VisualScripting.State/Unity.VisualScripting.State.asmdef)
Assembly with name 'Unity.Performance.Profile-Analyzer.EditorTests' already exists (Packages/com.unity.performance.profile-analyzer/Tests/Editor/Unity.Performance.Profile-Analyzer.EditorTests.asmdef)
Assembly with name 'Unity.Performance.Profile-Analyzer.EditorTests' already exists (Assets/project/Library/PackageCache/com.unity.performance.profile-analyzer@1.1.1/Tests/Editor/Unity.Performance.Profile-Analyzer.EditorTests.asmdef)
Mono: successfully reloaded assembly
- Completed reload, in  1.130 seconds
Domain Reload Profiling:
	ReloadAssembly (1130ms)
		BeginReloadAssembly (100ms)
			ExecutionOrderSort (0ms)
			DisableScriptedObjects (4ms)
			BackupInstance (0ms)
			ReleaseScriptingObjects (0ms)
			CreateAndSetChildDomain (17ms)
		EndReloadAssembly (919ms)
			LoadAssemblies (97ms)
			RebuildTransferFunctionScriptingTraits (0ms)
			SetupTypeCache (207ms)
			ReleaseScriptCaches (1ms)
			RebuildScriptCaches (120ms)
			SetupLoadedEditorAssemblies (444ms)
				LogAssemblyErrors (0ms)
				InitializePlatformSupportModulesInManaged (16ms)
				SetLoadedEditorAssemblies (1ms)
				RefreshPlugins (2ms)
				BeforeProcessingInitializeOnLoad (135ms)
				ProcessInitializeOnLoadAttributes (262ms)
				ProcessInitializeOnLoadMethodAttributes (17ms)
				AfterProcessingInitializeOnLoad (11ms)
				EditorAssembliesLoaded (0ms)
			ExecutionOrderSort2 (0ms)
			AwakeInstancesAfterBackupRestoration (5ms)
Platform modules already initialized, skipping
========================================================================
Worker process is ready to serve import requests
Launched and connected shader compiler UnityShaderCompiler.exe after 0.06 seconds
Multiple plugins with the same name 'zlib64plastic' (found at 'Assets/project/Library/PackageCache/com.unity.collab-proxy@1.15.15/Lib/Editor/PlasticSCM/zlib64Plastic.dll' and 'Packages/com.unity.collab-proxy/Lib/Editor/PlasticSCM/zlib64Plastic.dll'). That means one or more plugins are set to be compatible with Editor. Only one plugin at the time can be used by Editor.
Multiple plugins with the same name 'unity.visualscripting.sqlite3' (found at 'Assets/project/Library/PackageCache/com.unity.visualscripting@1.7.6/Editor/VisualScripting.Core/Dependencies/Assemblies/Unity.VisualScripting.sqlite3.dll' and 'Packages/com.unity.visualscripting/Editor/VisualScripting.Core/Dependencies/Assemblies/Unity.VisualScripting.sqlite3.dll'). That means one or more plugins are set to be compatible with Editor. Only one plugin at the time can be used by Editor.
Multiple plugins with the same name 'lz4x64plastic' (found at 'Packages/com.unity.collab-proxy/Lib/Editor/PlasticSCM/lz4x64Plastic.dll' and 'Assets/project/Library/PackageCache/com.unity.collab-proxy@1.15.15/Lib/Editor/PlasticSCM/lz4x64Plastic.dll'). That means one or more plugins are set to be compatible with Editor. Only one plugin at the time can be used by Editor.
Refreshing native plugins compatible for Editor in 2.04 ms, found 3 plugins.
Preloading 0 native plugins for Editor in 0.00 ms.
Unloading 6203 Unused Serialized files (Serialized files now loaded: 0)
Unloading 37 unused Assets / (114.4 KB). Loaded Objects now: 6654.
Memory consumption went from 198.2 MB to 198.1 MB.
Total: 2.931500 ms (FindLiveObjects: 0.721400 ms CreateObjectMapping: 0.267100 ms MarkObjects: 1.826300 ms  DeleteObjects: 0.115700 ms)

AssetImportParameters requested are different than current active one (requested -> active):
  custom:video-decoder-ogg-theora: a1e56fd34408186e4bbccfd4996cb3dc -> 
  custom:container-muxer-webm: aa71ff27fc2769a1b78a27578f13a17b -> 
  custom:container-demuxer-webm: 4f35f7cbe854078d1ac9338744f61a02 -> 
  custom:video-encoder-webm-vp8: eb34c28f22e8b96e1ab97ce403110664 -> 
  custom:video-codec-MediaFoundation-h265: 746d11721c4dcdbdad8f713fa42b33f4 -> 
  custom:audio-encoder-webm-vorbis: bf7c407c2cedff20999df2af8eb42d56 -> 
  custom:framework-win-MediaFoundation: 216162199b28c13a410421893ffa2e32 -> 
  custom:container-demuxer-ogg: 62fdf1f143b41e24485cea50d1cbac27 -> 
  custom:video-decoder-webm-vp8: 9c59270c3fd7afecdb556c50c9e8de78 -> 
  custom:audio-decoder-ogg-vorbis: bf7c407c2cedff20999df2af8eb42d56 -> 
========================================================================
Received Import Request.
  Time since last request: 709193.322870 seconds.
  path: Assets/project/Assets/_TerrainAutoUpgrade/layer_GroundTilesBrokenColorGroundTilesBrokenNormal793646612c42751.terrainlayer
  artifactKey: Guid(69666c3647230734c84d3dce84a30f83) Importer(815301076,1909f56bfc062723c751e8b465ee728b)
Start importing Assets/project/Assets/_TerrainAutoUpgrade/layer_GroundTilesBrokenColorGroundTilesBrokenNormal793646612c42751.terrainlayer using Guid(69666c3647230734c84d3dce84a30f83) Importer(815301076,1909f56bfc062723c751e8b465ee728b)  -> (artifact id: '52d629a05390fd75f1328bfe1b351ff4') in 0.101544 seconds 
========================================================================
Received Import Request.
  Time since last request: 0.000038 seconds.
  path: Assets/project/Assets/_TerrainAutoUpgrade/layer_GroundGrassColorGroundDirtNormal2023054508611406.terrainlayer
  artifactKey: Guid(2c164ee852ad4774aa760c24e5ea9743) Importer(815301076,1909f56bfc062723c751e8b465ee728b)
Start importing Assets/project/Assets/_TerrainAutoUpgrade/layer_GroundGrassColorGroundDirtNormal2023054508611406.terrainlayer using Guid(2c164ee852ad4774aa760c24e5ea9743) Importer(815301076,1909f56bfc062723c751e8b465ee728b)  -> (artifact id: '371b2b95c6afd2410595cc64a729c61a') in 0.014892 seconds 
========================================================================
Received Import Request.
  Time since last request: 0.000031 seconds.
  path: Assets/project/Assets/_TerrainAutoUpgrade/layer_GroundTiles2ColorGroundTiles2Normalf2ee06e0fffcd150.terrainlayer
  artifactKey: Guid(39435a893676f374a891963a0910b3cb) Importer(815301076,1909f56bfc062723c751e8b465ee728b)
Start importing Assets/project/Assets/_TerrainAutoUpgrade/layer_GroundTiles2ColorGroundTiles2Normalf2ee06e0fffcd150.terrainlayer using Guid(39435a893676f374a891963a0910b3cb) Importer(815301076,1909f56bfc062723c751e8b465ee728b)  -> (artifact id: 'a06d4662721d46ba749c559b2f98b786') in 0.015367 seconds 
Editor requested this worker to shutdown with reason: Scaling down because of idle timeout
AssetImportWorkerClient::OnTransportError - code=2 error=End of file
AssetImportWorker is now disconnected from the server
Process exiting
Exiting without the bug reporter. Application will terminate with return code 0